2025-07-15 18:15:16,831 - space_charge_trainer - INFO - Trainer initialized successfully
2025-07-15 18:15:16,831 - space_charge_trainer - INFO - Using existing processed data
2025-07-15 18:15:16,844 - space_charge_trainer - INFO - Data loaders created:
2025-07-15 18:15:16,844 - space_charge_trainer - INFO -   Train: 10 batches
2025-07-15 18:15:16,844 - space_charge_trainer - INFO -   Validation: 2 batches
2025-07-15 18:15:16,844 - space_charge_trainer - INFO -   Test: 2 batches
2025-07-15 18:15:16,936 - space_charge_trainer - INFO - Model created: CNN3D
2025-07-15 18:15:16,936 - space_charge_trainer - INFO - Parameters: 557,059
2025-07-15 18:15:16,936 - space_charge_trainer - INFO - Device: cuda
2025-07-15 18:20:34,772 - space_charge_trainer - INFO - Trainer initialized successfully
2025-07-15 18:20:34,773 - space_charge_trainer - INFO - Using existing processed data
2025-07-15 18:20:34,775 - space_charge_trainer - INFO - Data loaders created:
2025-07-15 18:20:34,775 - space_charge_trainer - INFO -   Train: 10 batches
2025-07-15 18:20:34,775 - space_charge_trainer - INFO -   Validation: 2 batches
2025-07-15 18:20:34,776 - space_charge_trainer - INFO -   Test: 2 batches
2025-07-15 18:20:34,870 - space_charge_trainer - INFO - Model created: CNN3D
2025-07-15 18:20:34,870 - space_charge_trainer - INFO - Parameters: 557,059
2025-07-15 18:20:34,870 - space_charge_trainer - INFO - Device: cuda
2025-07-15 18:20:35,651 - space_charge_trainer - INFO - Optimizer: adam, LR: 0.001
2025-07-15 18:20:35,652 - space_charge_trainer - INFO - Scheduler: plateau
2025-07-15 18:20:35,652 - space_charge_trainer - INFO - Starting training...
2025-07-15 18:20:35,652 - space_charge_trainer - INFO - Total epochs: 100
2025-07-15 18:20:35,652 - space_charge_trainer - INFO - Validation frequency: 1
2025-07-15 18:23:51,689 - space_charge_trainer - INFO - Trainer initialized successfully
2025-07-15 18:23:51,689 - space_charge_trainer - INFO - Using existing processed data
2025-07-15 18:23:51,693 - space_charge_trainer - INFO - Data loaders created:
2025-07-15 18:23:51,693 - space_charge_trainer - INFO -   Train: 10 batches
2025-07-15 18:23:51,693 - space_charge_trainer - INFO -   Validation: 2 batches
2025-07-15 18:23:51,693 - space_charge_trainer - INFO -   Test: 2 batches
2025-07-15 18:23:51,787 - space_charge_trainer - INFO - Model created: CNN3D
2025-07-15 18:23:51,787 - space_charge_trainer - INFO - Parameters: 557,059
2025-07-15 18:23:51,788 - space_charge_trainer - INFO - Device: cuda
2025-07-15 18:23:52,534 - space_charge_trainer - INFO - Optimizer: adam, LR: 0.001
2025-07-15 18:23:52,534 - space_charge_trainer - INFO - Scheduler: plateau
2025-07-15 18:23:52,534 - space_charge_trainer - INFO - Starting training...
2025-07-15 18:23:52,534 - space_charge_trainer - INFO - Total epochs: 100
2025-07-15 18:23:52,535 - space_charge_trainer - INFO - Validation frequency: 1
2025-07-15 18:24:01,229 - space_charge_trainer - INFO - Trainer initialized successfully
2025-07-15 18:24:01,229 - space_charge_trainer - INFO - Using existing processed data
2025-07-15 18:24:01,233 - space_charge_trainer - INFO - Data loaders created:
2025-07-15 18:24:01,233 - space_charge_trainer - INFO -   Train: 10 batches
2025-07-15 18:24:01,233 - space_charge_trainer - INFO -   Validation: 2 batches
2025-07-15 18:24:01,233 - space_charge_trainer - INFO -   Test: 2 batches
2025-07-15 18:24:01,327 - space_charge_trainer - INFO - Model created: CNN3D
2025-07-15 18:24:01,328 - space_charge_trainer - INFO - Parameters: 557,059
2025-07-15 18:24:01,328 - space_charge_trainer - INFO - Device: cuda
2025-07-15 18:24:02,065 - space_charge_trainer - INFO - Optimizer: adam, LR: 0.001
2025-07-15 18:24:02,065 - space_charge_trainer - INFO - Scheduler: plateau
2025-07-15 18:24:02,065 - space_charge_trainer - INFO - Starting training...
2025-07-15 18:24:02,065 - space_charge_trainer - INFO - Total epochs: 100
2025-07-15 18:24:02,066 - space_charge_trainer - INFO - Validation frequency: 1
2025-07-15 18:24:10,421 - space_charge_trainer - INFO - Trainer initialized successfully
2025-07-15 18:24:10,422 - space_charge_trainer - INFO - Using existing processed data
2025-07-15 18:24:10,425 - space_charge_trainer - INFO - Data loaders created:
2025-07-15 18:24:10,425 - space_charge_trainer - INFO -   Train: 10 batches
2025-07-15 18:24:10,425 - space_charge_trainer - INFO -   Validation: 2 batches
2025-07-15 18:24:10,425 - space_charge_trainer - INFO -   Test: 2 batches
2025-07-15 18:24:10,518 - space_charge_trainer - INFO - Model created: CNN3D
2025-07-15 18:24:10,518 - space_charge_trainer - INFO - Parameters: 557,059
2025-07-15 18:24:10,518 - space_charge_trainer - INFO - Device: cuda
2025-07-15 18:24:11,276 - space_charge_trainer - INFO - Optimizer: adam, LR: 0.001
2025-07-15 18:24:11,277 - space_charge_trainer - INFO - Scheduler: plateau
2025-07-15 18:24:11,277 - space_charge_trainer - INFO - Starting training...
2025-07-15 18:24:11,277 - space_charge_trainer - INFO - Total epochs: 100
2025-07-15 18:24:11,277 - space_charge_trainer - INFO - Validation frequency: 1
2025-07-15 18:26:08,622 - space_charge_trainer - INFO - Trainer initialized successfully
2025-07-15 18:26:08,623 - space_charge_trainer - INFO - Using existing processed data
2025-07-15 18:26:08,627 - space_charge_trainer - INFO - Data loaders created:
2025-07-15 18:26:08,627 - space_charge_trainer - INFO -   Train: 10 batches
2025-07-15 18:26:08,627 - space_charge_trainer - INFO -   Validation: 2 batches
2025-07-15 18:26:08,627 - space_charge_trainer - INFO -   Test: 2 batches
2025-07-15 18:26:08,724 - space_charge_trainer - INFO - Model created: CNN3D
2025-07-15 18:26:08,724 - space_charge_trainer - INFO - Parameters: 557,059
2025-07-15 18:26:08,724 - space_charge_trainer - INFO - Device: cuda
2025-07-15 18:26:09,473 - space_charge_trainer - INFO - Optimizer: adam, LR: 0.001
2025-07-15 18:26:09,473 - space_charge_trainer - INFO - Scheduler: plateau
2025-07-15 18:26:09,474 - space_charge_trainer - INFO - Starting training...
2025-07-15 18:26:09,474 - space_charge_trainer - INFO - Total epochs: 100
2025-07-15 18:26:09,474 - space_charge_trainer - INFO - Validation frequency: 1
2025-07-15 18:27:46,757 - space_charge_trainer - INFO - Trainer initialized successfully
2025-07-15 18:27:46,757 - space_charge_trainer - INFO - Using existing processed data
2025-07-15 18:27:46,760 - space_charge_trainer - INFO - Data loaders created:
2025-07-15 18:27:46,760 - space_charge_trainer - INFO -   Train: 10 batches
2025-07-15 18:27:46,760 - space_charge_trainer - INFO -   Validation: 2 batches
2025-07-15 18:27:46,760 - space_charge_trainer - INFO -   Test: 2 batches
2025-07-15 18:27:46,851 - space_charge_trainer - INFO - Model created: CNN3D
2025-07-15 18:27:46,851 - space_charge_trainer - INFO - Parameters: 557,059
2025-07-15 18:27:46,851 - space_charge_trainer - INFO - Device: cuda
2025-07-15 18:27:47,623 - space_charge_trainer - INFO - Optimizer: adam, LR: 0.001
2025-07-15 18:27:47,623 - space_charge_trainer - INFO - Scheduler: plateau
2025-07-15 18:27:47,624 - space_charge_trainer - INFO - Starting training...
2025-07-15 18:27:47,624 - space_charge_trainer - INFO - Total epochs: 100
2025-07-15 18:27:47,624 - space_charge_trainer - INFO - Validation frequency: 1
2025-07-15 18:27:53,071 - space_charge_trainer - INFO - New best model saved with validation loss: 847.858521
2025-07-15 18:27:53,079 - space_charge_trainer - INFO - Epoch   1/100 | Train Loss: 798.253772 | Val Loss: 847.858521 | LR: 1.00e-03
2025-07-15 18:27:58,405 - space_charge_trainer - INFO - New best model saved with validation loss: 770.625458
2025-07-15 18:27:58,415 - space_charge_trainer - INFO - Epoch   2/100 | Train Loss: 662.871954 | Val Loss: 770.625458 | LR: 1.00e-03
2025-07-15 18:28:03,819 - space_charge_trainer - INFO - New best model saved with validation loss: 667.224243
2025-07-15 18:28:03,827 - space_charge_trainer - INFO - Epoch   3/100 | Train Loss: 578.849945 | Val Loss: 667.224243 | LR: 1.00e-03
2025-07-15 18:28:09,234 - space_charge_trainer - INFO - New best model saved with validation loss: 568.615570
2025-07-15 18:28:09,242 - space_charge_trainer - INFO - Epoch   4/100 | Train Loss: 501.974747 | Val Loss: 568.615570 | LR: 1.00e-03
2025-07-15 18:28:14,634 - space_charge_trainer - INFO - New best model saved with validation loss: 487.335281
2025-07-15 18:28:14,643 - space_charge_trainer - INFO - Epoch   5/100 | Train Loss: 451.198077 | Val Loss: 487.335281 | LR: 1.00e-03
2025-07-15 18:28:20,059 - space_charge_trainer - INFO - New best model saved with validation loss: 416.105072
2025-07-15 18:28:20,067 - space_charge_trainer - INFO - Epoch   6/100 | Train Loss: 412.212747 | Val Loss: 416.105072 | LR: 1.00e-03
2025-07-15 18:28:25,424 - space_charge_trainer - INFO - New best model saved with validation loss: 377.217255
2025-07-15 18:28:25,432 - space_charge_trainer - INFO - Epoch   7/100 | Train Loss: 376.116727 | Val Loss: 377.217255 | LR: 1.00e-03
2025-07-15 18:28:30,825 - space_charge_trainer - INFO - New best model saved with validation loss: 339.086014
2025-07-15 18:28:30,833 - space_charge_trainer - INFO - Epoch   8/100 | Train Loss: 355.054584 | Val Loss: 339.086014 | LR: 1.00e-03
2025-07-15 18:28:36,213 - space_charge_trainer - INFO - New best model saved with validation loss: 318.416946
2025-07-15 18:28:36,221 - space_charge_trainer - INFO - Epoch   9/100 | Train Loss: 340.656451 | Val Loss: 318.416946 | LR: 1.00e-03
2025-07-15 18:28:41,603 - space_charge_trainer - INFO - New best model saved with validation loss: 297.255692
2025-07-15 18:28:41,613 - space_charge_trainer - INFO - Epoch  10/100 | Train Loss: 325.418756 | Val Loss: 297.255692 | LR: 1.00e-03
2025-07-15 18:28:47,023 - space_charge_trainer - INFO - New best model saved with validation loss: 282.275467
2025-07-15 18:28:47,032 - space_charge_trainer - INFO - Epoch  11/100 | Train Loss: 319.707254 | Val Loss: 282.275467 | LR: 1.00e-03
2025-07-15 18:28:52,423 - space_charge_trainer - INFO - New best model saved with validation loss: 275.839287
2025-07-15 18:28:52,432 - space_charge_trainer - INFO - Epoch  12/100 | Train Loss: 306.685834 | Val Loss: 275.839287 | LR: 1.00e-03
2025-07-15 18:28:57,824 - space_charge_trainer - INFO - New best model saved with validation loss: 264.109245
2025-07-15 18:28:57,832 - space_charge_trainer - INFO - Epoch  13/100 | Train Loss: 301.565948 | Val Loss: 264.109245 | LR: 1.00e-03
2025-07-15 18:29:03,201 - space_charge_trainer - INFO - New best model saved with validation loss: 259.622276
2025-07-15 18:29:03,209 - space_charge_trainer - INFO - Epoch  14/100 | Train Loss: 293.444815 | Val Loss: 259.622276 | LR: 1.00e-03
2025-07-15 18:29:08,593 - space_charge_trainer - INFO - New best model saved with validation loss: 254.965416
2025-07-15 18:29:08,602 - space_charge_trainer - INFO - Epoch  15/100 | Train Loss: 289.256030 | Val Loss: 254.965416 | LR: 1.00e-03
2025-07-15 18:29:13,999 - space_charge_trainer - INFO - New best model saved with validation loss: 250.547806
2025-07-15 18:29:14,008 - space_charge_trainer - INFO - Epoch  16/100 | Train Loss: 285.783841 | Val Loss: 250.547806 | LR: 1.00e-03
2025-07-15 18:29:19,376 - space_charge_trainer - INFO - Epoch  17/100 | Train Loss: 282.776816 | Val Loss: 252.603226 | LR: 1.00e-03
2025-07-15 18:29:24,814 - space_charge_trainer - INFO - New best model saved with validation loss: 244.390335
2025-07-15 18:29:24,822 - space_charge_trainer - INFO - Epoch  18/100 | Train Loss: 280.703554 | Val Loss: 244.390335 | LR: 1.00e-03
2025-07-15 18:29:30,218 - space_charge_trainer - INFO - New best model saved with validation loss: 241.040573
2025-07-15 18:29:30,226 - space_charge_trainer - INFO - Epoch  19/100 | Train Loss: 274.720291 | Val Loss: 241.040573 | LR: 1.00e-03
2025-07-15 18:29:35,583 - space_charge_trainer - INFO - Epoch  20/100 | Train Loss: 274.833591 | Val Loss: 248.730484 | LR: 1.00e-03
2025-07-15 18:29:41,007 - space_charge_trainer - INFO - New best model saved with validation loss: 236.635834
2025-07-15 18:29:41,015 - space_charge_trainer - INFO - Epoch  21/100 | Train Loss: 272.275670 | Val Loss: 236.635834 | LR: 1.00e-03
2025-07-15 18:29:46,403 - space_charge_trainer - INFO - New best model saved with validation loss: 232.326164
2025-07-15 18:29:46,411 - space_charge_trainer - INFO - Epoch  22/100 | Train Loss: 270.190788 | Val Loss: 232.326164 | LR: 1.00e-03
2025-07-15 18:29:51,800 - space_charge_trainer - INFO - New best model saved with validation loss: 230.088333
2025-07-15 18:29:51,809 - space_charge_trainer - INFO - Epoch  23/100 | Train Loss: 269.015266 | Val Loss: 230.088333 | LR: 1.00e-03
2025-07-15 18:29:57,207 - space_charge_trainer - INFO - New best model saved with validation loss: 227.402786
2025-07-15 18:29:57,216 - space_charge_trainer - INFO - Epoch  24/100 | Train Loss: 266.306259 | Val Loss: 227.402786 | LR: 1.00e-03
2025-07-15 18:30:02,580 - space_charge_trainer - INFO - Epoch  25/100 | Train Loss: 263.994347 | Val Loss: 229.026161 | LR: 1.00e-03
2025-07-15 18:30:07,973 - space_charge_trainer - INFO - New best model saved with validation loss: 224.211983
2025-07-15 18:30:07,981 - space_charge_trainer - INFO - Epoch  26/100 | Train Loss: 260.712587 | Val Loss: 224.211983 | LR: 1.00e-03
2025-07-15 18:30:13,400 - space_charge_trainer - INFO - New best model saved with validation loss: 223.967934
2025-07-15 18:30:13,408 - space_charge_trainer - INFO - Epoch  27/100 | Train Loss: 258.862027 | Val Loss: 223.967934 | LR: 1.00e-03
2025-07-15 18:30:18,785 - space_charge_trainer - INFO - New best model saved with validation loss: 220.103256
2025-07-15 18:30:18,793 - space_charge_trainer - INFO - Epoch  28/100 | Train Loss: 258.261716 | Val Loss: 220.103256 | LR: 1.00e-03
2025-07-15 18:30:24,190 - space_charge_trainer - INFO - New best model saved with validation loss: 219.583237
2025-07-15 18:30:24,198 - space_charge_trainer - INFO - Epoch  29/100 | Train Loss: 256.871353 | Val Loss: 219.583237 | LR: 1.00e-03
2025-07-15 18:30:29,557 - space_charge_trainer - INFO - New best model saved with validation loss: 219.193558
2025-07-15 18:30:29,566 - space_charge_trainer - INFO - Epoch  30/100 | Train Loss: 254.958499 | Val Loss: 219.193558 | LR: 1.00e-03
2025-07-15 18:30:34,989 - space_charge_trainer - INFO - New best model saved with validation loss: 213.994560
2025-07-15 18:30:34,997 - space_charge_trainer - INFO - Epoch  31/100 | Train Loss: 252.573138 | Val Loss: 213.994560 | LR: 1.00e-03
2025-07-15 18:30:40,369 - space_charge_trainer - INFO - Epoch  32/100 | Train Loss: 251.748004 | Val Loss: 230.251579 | LR: 1.00e-03
2025-07-15 18:30:45,768 - space_charge_trainer - INFO - New best model saved with validation loss: 211.200897
2025-07-15 18:30:45,777 - space_charge_trainer - INFO - Epoch  33/100 | Train Loss: 252.377719 | Val Loss: 211.200897 | LR: 1.00e-03
2025-07-15 18:30:51,198 - space_charge_trainer - INFO - Epoch  34/100 | Train Loss: 248.058804 | Val Loss: 214.355698 | LR: 1.00e-03
2025-07-15 18:30:56,572 - space_charge_trainer - INFO - New best model saved with validation loss: 211.015434
2025-07-15 18:30:56,580 - space_charge_trainer - INFO - Epoch  35/100 | Train Loss: 251.348689 | Val Loss: 211.015434 | LR: 1.00e-03
2025-07-15 18:31:01,966 - space_charge_trainer - INFO - New best model saved with validation loss: 207.763611
2025-07-15 18:31:01,974 - space_charge_trainer - INFO - Epoch  36/100 | Train Loss: 246.012515 | Val Loss: 207.763611 | LR: 1.00e-03
2025-07-15 18:31:07,374 - space_charge_trainer - INFO - Epoch  37/100 | Train Loss: 246.402795 | Val Loss: 208.468918 | LR: 1.00e-03
2025-07-15 18:31:12,773 - space_charge_trainer - INFO - New best model saved with validation loss: 207.627869
2025-07-15 18:31:12,781 - space_charge_trainer - INFO - Epoch  38/100 | Train Loss: 245.316061 | Val Loss: 207.627869 | LR: 1.00e-03
2025-07-15 18:31:18,168 - space_charge_trainer - INFO - New best model saved with validation loss: 206.309525
2025-07-15 18:31:18,176 - space_charge_trainer - INFO - Epoch  39/100 | Train Loss: 246.829030 | Val Loss: 206.309525 | LR: 1.00e-03
2025-07-15 18:31:23,570 - space_charge_trainer - INFO - Epoch  40/100 | Train Loss: 244.626891 | Val Loss: 207.601250 | LR: 1.00e-03
2025-07-15 18:31:28,950 - space_charge_trainer - INFO - Epoch  41/100 | Train Loss: 241.823039 | Val Loss: 206.857964 | LR: 1.00e-03
2025-07-15 18:31:34,362 - space_charge_trainer - INFO - New best model saved with validation loss: 202.543274
2025-07-15 18:31:34,370 - space_charge_trainer - INFO - Epoch  42/100 | Train Loss: 240.493585 | Val Loss: 202.543274 | LR: 1.00e-03
2025-07-15 18:31:39,787 - space_charge_trainer - INFO - Epoch  43/100 | Train Loss: 237.757507 | Val Loss: 203.098419 | LR: 1.00e-03
2025-07-15 18:31:45,158 - space_charge_trainer - INFO - New best model saved with validation loss: 201.425217
2025-07-15 18:31:45,166 - space_charge_trainer - INFO - Epoch  44/100 | Train Loss: 234.477887 | Val Loss: 201.425217 | LR: 1.00e-03
2025-07-15 18:31:50,553 - space_charge_trainer - INFO - Epoch  45/100 | Train Loss: 235.909842 | Val Loss: 201.519463 | LR: 1.00e-03
2025-07-15 18:31:55,987 - space_charge_trainer - INFO - New best model saved with validation loss: 200.822830
2025-07-15 18:31:55,994 - space_charge_trainer - INFO - Epoch  46/100 | Train Loss: 241.071480 | Val Loss: 200.822830 | LR: 1.00e-03
2025-07-15 18:32:01,615 - space_charge_trainer - INFO - Epoch  47/100 | Train Loss: 237.754401 | Val Loss: 203.262238 | LR: 1.00e-03
2025-07-15 18:32:07,249 - space_charge_trainer - INFO - Epoch  48/100 | Train Loss: 237.408867 | Val Loss: 201.458015 | LR: 1.00e-03
2025-07-15 18:32:12,912 - space_charge_trainer - INFO - New best model saved with validation loss: 196.553078
2025-07-15 18:32:12,920 - space_charge_trainer - INFO - Epoch  49/100 | Train Loss: 235.249225 | Val Loss: 196.553078 | LR: 1.00e-03
2025-07-15 18:32:18,516 - space_charge_trainer - INFO - Epoch  50/100 | Train Loss: 233.916196 | Val Loss: 198.067383 | LR: 1.00e-03
2025-07-15 18:32:24,274 - space_charge_trainer - INFO - New best model saved with validation loss: 196.513000
2025-07-15 18:32:24,284 - space_charge_trainer - INFO - Epoch  51/100 | Train Loss: 231.118642 | Val Loss: 196.513000 | LR: 1.00e-03
2025-07-15 18:32:29,901 - space_charge_trainer - INFO - New best model saved with validation loss: 195.466690
2025-07-15 18:32:29,909 - space_charge_trainer - INFO - Epoch  52/100 | Train Loss: 232.051576 | Val Loss: 195.466690 | LR: 1.00e-03
2025-07-15 18:32:35,412 - space_charge_trainer - INFO - Epoch  53/100 | Train Loss: 233.330074 | Val Loss: 196.493355 | LR: 1.00e-03
2025-07-15 18:32:41,191 - space_charge_trainer - INFO - New best model saved with validation loss: 193.540970
2025-07-15 18:32:41,200 - space_charge_trainer - INFO - Epoch  54/100 | Train Loss: 228.939195 | Val Loss: 193.540970 | LR: 1.00e-03
2025-07-15 18:32:47,418 - space_charge_trainer - INFO - New best model saved with validation loss: 192.207901
2025-07-15 18:32:47,426 - space_charge_trainer - INFO - Epoch  55/100 | Train Loss: 228.339325 | Val Loss: 192.207901 | LR: 1.00e-03
2025-07-15 18:32:53,441 - space_charge_trainer - INFO - Epoch  56/100 | Train Loss: 229.858072 | Val Loss: 193.982544 | LR: 1.00e-03
2025-07-15 18:32:59,765 - space_charge_trainer - INFO - Epoch  57/100 | Train Loss: 230.045976 | Val Loss: 192.994263 | LR: 1.00e-03
2025-07-15 18:33:05,544 - space_charge_trainer - INFO - New best model saved with validation loss: 192.196945
2025-07-15 18:33:05,553 - space_charge_trainer - INFO - Epoch  58/100 | Train Loss: 227.395613 | Val Loss: 192.196945 | LR: 1.00e-03
2025-07-15 18:33:11,244 - space_charge_trainer - INFO - Epoch  59/100 | Train Loss: 226.766495 | Val Loss: 192.595566 | LR: 1.00e-03
2025-07-15 18:33:16,896 - space_charge_trainer - INFO - Epoch  60/100 | Train Loss: 229.475005 | Val Loss: 193.579384 | LR: 1.00e-03
2025-07-15 18:33:22,653 - space_charge_trainer - INFO - New best model saved with validation loss: 191.128754
2025-07-15 18:33:22,662 - space_charge_trainer - INFO - Epoch  61/100 | Train Loss: 229.958958 | Val Loss: 191.128754 | LR: 1.00e-03
2025-07-15 18:33:28,279 - space_charge_trainer - INFO - New best model saved with validation loss: 189.945923
2025-07-15 18:33:28,288 - space_charge_trainer - INFO - Epoch  62/100 | Train Loss: 226.006456 | Val Loss: 189.945923 | LR: 1.00e-03
2025-07-15 18:33:34,009 - space_charge_trainer - INFO - Epoch  63/100 | Train Loss: 225.779929 | Val Loss: 190.875481 | LR: 1.00e-03
2025-07-15 18:33:39,610 - space_charge_trainer - INFO - Epoch  64/100 | Train Loss: 225.538417 | Val Loss: 191.507133 | LR: 1.00e-03
2025-07-15 18:33:45,275 - space_charge_trainer - INFO - New best model saved with validation loss: 189.794373
2025-07-15 18:33:45,287 - space_charge_trainer - INFO - Epoch  65/100 | Train Loss: 226.312790 | Val Loss: 189.794373 | LR: 1.00e-03
2025-07-15 18:33:51,072 - space_charge_trainer - INFO - New best model saved with validation loss: 188.614891
2025-07-15 18:33:51,080 - space_charge_trainer - INFO - Epoch  66/100 | Train Loss: 221.326163 | Val Loss: 188.614891 | LR: 1.00e-03
2025-07-15 18:33:56,610 - space_charge_trainer - INFO - New best model saved with validation loss: 187.521240
2025-07-15 18:33:56,618 - space_charge_trainer - INFO - Epoch  67/100 | Train Loss: 225.732144 | Val Loss: 187.521240 | LR: 1.00e-03
2025-07-15 18:34:02,202 - space_charge_trainer - INFO - Epoch  68/100 | Train Loss: 225.952101 | Val Loss: 189.229790 | LR: 1.00e-03
2025-07-15 18:34:07,783 - space_charge_trainer - INFO - Epoch  69/100 | Train Loss: 223.467326 | Val Loss: 188.086655 | LR: 1.00e-03
2025-07-15 18:34:13,446 - space_charge_trainer - INFO - Epoch  70/100 | Train Loss: 225.234238 | Val Loss: 187.719566 | LR: 1.00e-03
2025-07-15 18:34:19,309 - space_charge_trainer - INFO - New best model saved with validation loss: 187.238556
2025-07-15 18:34:19,319 - space_charge_trainer - INFO - Epoch  71/100 | Train Loss: 222.078632 | Val Loss: 187.238556 | LR: 1.00e-03
2025-07-15 18:34:24,973 - space_charge_trainer - INFO - New best model saved with validation loss: 186.467903
2025-07-15 18:34:24,982 - space_charge_trainer - INFO - Epoch  72/100 | Train Loss: 222.393375 | Val Loss: 186.467903 | LR: 1.00e-03
2025-07-15 18:34:30,848 - space_charge_trainer - INFO - Epoch  73/100 | Train Loss: 220.611017 | Val Loss: 186.724373 | LR: 1.00e-03
2025-07-15 18:34:36,356 - space_charge_trainer - INFO - New best model saved with validation loss: 184.391968
2025-07-15 18:34:36,365 - space_charge_trainer - INFO - Epoch  74/100 | Train Loss: 217.447083 | Val Loss: 184.391968 | LR: 1.00e-03
2025-07-15 18:34:41,895 - space_charge_trainer - INFO - Epoch  75/100 | Train Loss: 218.534282 | Val Loss: 184.487816 | LR: 1.00e-03
2025-07-15 18:34:47,329 - space_charge_trainer - INFO - New best model saved with validation loss: 183.493683
2025-07-15 18:34:47,337 - space_charge_trainer - INFO - Epoch  76/100 | Train Loss: 218.940732 | Val Loss: 183.493683 | LR: 1.00e-03
2025-07-15 18:34:52,840 - space_charge_trainer - INFO - Epoch  77/100 | Train Loss: 218.385063 | Val Loss: 184.310509 | LR: 1.00e-03
2025-07-15 18:34:58,421 - space_charge_trainer - INFO - New best model saved with validation loss: 182.680443
2025-07-15 18:34:58,429 - space_charge_trainer - INFO - Epoch  78/100 | Train Loss: 218.734312 | Val Loss: 182.680443 | LR: 1.00e-03
2025-07-15 18:35:03,884 - space_charge_trainer - INFO - Epoch  79/100 | Train Loss: 218.640628 | Val Loss: 184.639320 | LR: 1.00e-03
2025-07-15 18:35:09,292 - space_charge_trainer - INFO - Epoch  80/100 | Train Loss: 216.125845 | Val Loss: 185.722672 | LR: 1.00e-03
2025-07-15 18:35:14,705 - space_charge_trainer - INFO - Epoch  81/100 | Train Loss: 218.472391 | Val Loss: 183.353928 | LR: 1.00e-03
2025-07-15 18:35:20,113 - space_charge_trainer - INFO - Epoch  82/100 | Train Loss: 219.645212 | Val Loss: 184.496925 | LR: 1.00e-03
2025-07-15 18:35:25,495 - space_charge_trainer - INFO - Epoch  83/100 | Train Loss: 218.159581 | Val Loss: 183.198395 | LR: 1.00e-03
2025-07-15 18:35:30,899 - space_charge_trainer - INFO - New best model saved with validation loss: 182.629959
2025-07-15 18:35:30,907 - space_charge_trainer - INFO - Epoch  84/100 | Train Loss: 217.492355 | Val Loss: 182.629959 | LR: 1.00e-03
2025-07-15 18:35:36,312 - space_charge_trainer - INFO - Epoch  85/100 | Train Loss: 216.215802 | Val Loss: 183.371414 | LR: 1.00e-03
2025-07-15 18:35:41,765 - space_charge_trainer - INFO - New best model saved with validation loss: 182.317657
2025-07-15 18:35:41,773 - space_charge_trainer - INFO - Epoch  86/100 | Train Loss: 216.639793 | Val Loss: 182.317657 | LR: 1.00e-03
2025-07-15 18:35:47,279 - space_charge_trainer - INFO - New best model saved with validation loss: 179.446342
2025-07-15 18:35:47,288 - space_charge_trainer - INFO - Epoch  87/100 | Train Loss: 215.663869 | Val Loss: 179.446342 | LR: 1.00e-03
2025-07-15 18:35:52,707 - space_charge_trainer - INFO - New best model saved with validation loss: 179.294029
2025-07-15 18:35:52,716 - space_charge_trainer - INFO - Epoch  88/100 | Train Loss: 215.398044 | Val Loss: 179.294029 | LR: 1.00e-03
2025-07-15 18:35:58,054 - space_charge_trainer - INFO - New best model saved with validation loss: 179.159439
2025-07-15 18:35:58,063 - space_charge_trainer - INFO - Epoch  89/100 | Train Loss: 212.094373 | Val Loss: 179.159439 | LR: 1.00e-03
2025-07-15 18:36:03,458 - space_charge_trainer - INFO - Epoch  90/100 | Train Loss: 214.774176 | Val Loss: 180.337578 | LR: 1.00e-03
2025-07-15 18:36:08,872 - space_charge_trainer - INFO - Epoch  91/100 | Train Loss: 213.250143 | Val Loss: 180.158127 | LR: 1.00e-03
2025-07-15 18:36:14,320 - space_charge_trainer - INFO - Epoch  92/100 | Train Loss: 213.653163 | Val Loss: 180.069374 | LR: 1.00e-03
2025-07-15 18:36:19,951 - space_charge_trainer - INFO - New best model saved with validation loss: 178.761459
2025-07-15 18:36:19,959 - space_charge_trainer - INFO - Epoch  93/100 | Train Loss: 210.889302 | Val Loss: 178.761459 | LR: 1.00e-03
2025-07-15 18:36:25,537 - space_charge_trainer - INFO - New best model saved with validation loss: 177.310867
2025-07-15 18:36:25,547 - space_charge_trainer - INFO - Epoch  94/100 | Train Loss: 212.476271 | Val Loss: 177.310867 | LR: 1.00e-03
2025-07-15 18:36:31,060 - space_charge_trainer - INFO - Epoch  95/100 | Train Loss: 211.758707 | Val Loss: 177.469353 | LR: 1.00e-03
2025-07-15 18:36:36,487 - space_charge_trainer - INFO - Epoch  96/100 | Train Loss: 213.962288 | Val Loss: 177.448112 | LR: 1.00e-03
2025-07-15 18:36:41,934 - space_charge_trainer - INFO - Epoch  97/100 | Train Loss: 213.905733 | Val Loss: 177.317825 | LR: 1.00e-03
2025-07-15 18:36:47,450 - space_charge_trainer - INFO - Epoch  98/100 | Train Loss: 215.186205 | Val Loss: 177.736992 | LR: 1.00e-03
2025-07-15 18:36:52,900 - space_charge_trainer - INFO - Epoch  99/100 | Train Loss: 214.543221 | Val Loss: 177.520493 | LR: 1.00e-03
2025-07-15 18:36:58,282 - space_charge_trainer - INFO - Epoch 100/100 | Train Loss: 213.158141 | Val Loss: 177.600075 | LR: 1.00e-03
2025-07-15 18:36:58,298 - space_charge_trainer - INFO - Training completed!
2025-07-15 18:36:58,298 - space_charge_trainer - INFO - Total training time: 0.15 hours
2025-07-15 18:36:58,298 - space_charge_trainer - INFO - Best validation loss: 177.310867
2025-07-15 18:36:58,299 - space_charge_trainer - INFO - Training history saved to saved_models\training_history.pkl
2025-07-15 20:16:05,489 - space_charge_trainer - INFO - Trainer initialized successfully
2025-07-15 20:16:05,489 - space_charge_trainer - INFO - Using existing processed data
2025-07-15 20:16:05,496 - space_charge_trainer - INFO - Data loaders created:
2025-07-15 20:16:05,496 - space_charge_trainer - INFO -   Train: 10 batches
2025-07-15 20:16:05,496 - space_charge_trainer - INFO -   Validation: 2 batches
2025-07-15 20:16:05,496 - space_charge_trainer - INFO -   Test: 2 batches
2025-07-15 20:16:05,591 - space_charge_trainer - INFO - Model created: CNN3D
2025-07-15 20:16:05,591 - space_charge_trainer - INFO - Parameters: 557,059
2025-07-15 20:16:05,591 - space_charge_trainer - INFO - Device: cuda
2025-07-15 20:16:06,390 - space_charge_trainer - INFO - Optimizer: adam, LR: 0.001
2025-07-15 20:16:06,391 - space_charge_trainer - INFO - Scheduler: plateau
2025-07-15 20:16:06,391 - space_charge_trainer - INFO - Starting training...
2025-07-15 20:16:06,391 - space_charge_trainer - INFO - Total epochs: 100
2025-07-15 20:16:06,391 - space_charge_trainer - INFO - Validation frequency: 1
2025-07-15 20:16:11,721 - space_charge_trainer - INFO - New best model saved with validation loss: 851.606628
2025-07-15 20:16:11,729 - space_charge_trainer - INFO - Epoch   1/100 | Train Loss: 791.502075 | Val Loss: 851.606628 | LR: 1.00e-03
2025-07-15 20:16:17,127 - space_charge_trainer - INFO - New best model saved with validation loss: 778.736328
2025-07-15 20:16:17,135 - space_charge_trainer - INFO - Epoch   2/100 | Train Loss: 651.350067 | Val Loss: 778.736328 | LR: 1.00e-03
2025-07-15 20:16:22,530 - space_charge_trainer - INFO - New best model saved with validation loss: 686.347382
2025-07-15 20:16:22,539 - space_charge_trainer - INFO - Epoch   3/100 | Train Loss: 565.823529 | Val Loss: 686.347382 | LR: 1.00e-03
2025-07-15 20:16:27,925 - space_charge_trainer - INFO - New best model saved with validation loss: 576.548706
2025-07-15 20:16:27,933 - space_charge_trainer - INFO - Epoch   4/100 | Train Loss: 493.219452 | Val Loss: 576.548706 | LR: 1.00e-03
2025-07-15 20:16:33,328 - space_charge_trainer - INFO - New best model saved with validation loss: 460.349548
2025-07-15 20:16:33,337 - space_charge_trainer - INFO - Epoch   5/100 | Train Loss: 443.395425 | Val Loss: 460.349548 | LR: 1.00e-03
2025-07-15 20:16:38,714 - space_charge_trainer - INFO - New best model saved with validation loss: 403.558334
2025-07-15 20:16:38,722 - space_charge_trainer - INFO - Epoch   6/100 | Train Loss: 400.803595 | Val Loss: 403.558334 | LR: 1.00e-03
2025-07-15 20:16:44,134 - space_charge_trainer - INFO - New best model saved with validation loss: 370.177292
2025-07-15 20:16:44,142 - space_charge_trainer - INFO - Epoch   7/100 | Train Loss: 373.324182 | Val Loss: 370.177292 | LR: 1.00e-03
2025-07-15 20:16:49,518 - space_charge_trainer - INFO - New best model saved with validation loss: 332.172424
2025-07-15 20:16:49,526 - space_charge_trainer - INFO - Epoch   8/100 | Train Loss: 356.493427 | Val Loss: 332.172424 | LR: 1.00e-03
2025-07-15 20:16:54,929 - space_charge_trainer - INFO - New best model saved with validation loss: 306.289307
2025-07-15 20:16:54,937 - space_charge_trainer - INFO - Epoch   9/100 | Train Loss: 341.115118 | Val Loss: 306.289307 | LR: 1.00e-03
2025-07-15 20:17:00,310 - space_charge_trainer - INFO - New best model saved with validation loss: 299.463043
2025-07-15 20:17:00,320 - space_charge_trainer - INFO - Epoch  10/100 | Train Loss: 331.120520 | Val Loss: 299.463043 | LR: 1.00e-03
2025-07-15 20:17:05,703 - space_charge_trainer - INFO - New best model saved with validation loss: 285.361649
2025-07-15 20:17:05,711 - space_charge_trainer - INFO - Epoch  11/100 | Train Loss: 315.259656 | Val Loss: 285.361649 | LR: 1.00e-03
2025-07-15 20:17:11,107 - space_charge_trainer - INFO - New best model saved with validation loss: 270.008514
2025-07-15 20:17:11,116 - space_charge_trainer - INFO - Epoch  12/100 | Train Loss: 310.013824 | Val Loss: 270.008514 | LR: 1.00e-03
2025-07-15 20:17:16,503 - space_charge_trainer - INFO - New best model saved with validation loss: 267.628845
2025-07-15 20:17:16,511 - space_charge_trainer - INFO - Epoch  13/100 | Train Loss: 304.048178 | Val Loss: 267.628845 | LR: 1.00e-03
2025-07-15 20:17:21,907 - space_charge_trainer - INFO - New best model saved with validation loss: 256.998062
2025-07-15 20:17:21,915 - space_charge_trainer - INFO - Epoch  14/100 | Train Loss: 296.989807 | Val Loss: 256.998062 | LR: 1.00e-03
2025-07-15 20:17:27,299 - space_charge_trainer - INFO - New best model saved with validation loss: 256.166725
2025-07-15 20:17:27,307 - space_charge_trainer - INFO - Epoch  15/100 | Train Loss: 292.374255 | Val Loss: 256.166725 | LR: 1.00e-03
2025-07-15 20:17:32,700 - space_charge_trainer - INFO - New best model saved with validation loss: 252.082657
2025-07-15 20:17:32,708 - space_charge_trainer - INFO - Epoch  16/100 | Train Loss: 285.786282 | Val Loss: 252.082657 | LR: 1.00e-03
2025-07-15 20:17:38,119 - space_charge_trainer - INFO - New best model saved with validation loss: 246.539970
2025-07-15 20:17:38,127 - space_charge_trainer - INFO - Epoch  17/100 | Train Loss: 281.160587 | Val Loss: 246.539970 | LR: 1.00e-03
2025-07-15 20:17:43,521 - space_charge_trainer - INFO - New best model saved with validation loss: 242.990051
2025-07-15 20:17:43,529 - space_charge_trainer - INFO - Epoch  18/100 | Train Loss: 280.293971 | Val Loss: 242.990051 | LR: 1.00e-03
2025-07-15 20:17:48,909 - space_charge_trainer - INFO - New best model saved with validation loss: 238.731468
2025-07-15 20:17:48,916 - space_charge_trainer - INFO - Epoch  19/100 | Train Loss: 279.549857 | Val Loss: 238.731468 | LR: 1.00e-03
2025-07-15 20:17:54,286 - space_charge_trainer - INFO - New best model saved with validation loss: 236.939850
2025-07-15 20:17:54,294 - space_charge_trainer - INFO - Epoch  20/100 | Train Loss: 276.146729 | Val Loss: 236.939850 | LR: 1.00e-03
2025-07-15 20:17:59,678 - space_charge_trainer - INFO - New best model saved with validation loss: 235.978889
2025-07-15 20:17:59,686 - space_charge_trainer - INFO - Epoch  21/100 | Train Loss: 272.550360 | Val Loss: 235.978889 | LR: 1.00e-03
2025-07-15 20:18:05,083 - space_charge_trainer - INFO - New best model saved with validation loss: 232.974327
2025-07-15 20:18:05,091 - space_charge_trainer - INFO - Epoch  22/100 | Train Loss: 272.927544 | Val Loss: 232.974327 | LR: 1.00e-03
2025-07-15 20:18:10,498 - space_charge_trainer - INFO - New best model saved with validation loss: 230.297218
2025-07-15 20:18:10,506 - space_charge_trainer - INFO - Epoch  23/100 | Train Loss: 266.485866 | Val Loss: 230.297218 | LR: 1.00e-03
2025-07-15 20:18:15,874 - space_charge_trainer - INFO - New best model saved with validation loss: 227.623734
2025-07-15 20:18:15,882 - space_charge_trainer - INFO - Epoch  24/100 | Train Loss: 260.903215 | Val Loss: 227.623734 | LR: 1.00e-03
2025-07-15 20:18:21,270 - space_charge_trainer - INFO - New best model saved with validation loss: 223.741508
2025-07-15 20:18:21,278 - space_charge_trainer - INFO - Epoch  25/100 | Train Loss: 262.378413 | Val Loss: 223.741508 | LR: 1.00e-03
2025-07-15 20:18:26,676 - space_charge_trainer - INFO - New best model saved with validation loss: 222.948456
2025-07-15 20:18:26,684 - space_charge_trainer - INFO - Epoch  26/100 | Train Loss: 261.193105 | Val Loss: 222.948456 | LR: 1.00e-03
2025-07-15 20:18:32,072 - space_charge_trainer - INFO - New best model saved with validation loss: 220.611313
2025-07-15 20:18:32,081 - space_charge_trainer - INFO - Epoch  27/100 | Train Loss: 258.506729 | Val Loss: 220.611313 | LR: 1.00e-03
2025-07-15 20:18:37,511 - space_charge_trainer - INFO - New best model saved with validation loss: 218.847527
2025-07-15 20:18:37,520 - space_charge_trainer - INFO - Epoch  28/100 | Train Loss: 257.970599 | Val Loss: 218.847527 | LR: 1.00e-03
2025-07-15 20:18:42,859 - space_charge_trainer - INFO - Epoch  29/100 | Train Loss: 255.360721 | Val Loss: 221.612755 | LR: 1.00e-03
2025-07-15 20:18:48,274 - space_charge_trainer - INFO - New best model saved with validation loss: 215.920517
2025-07-15 20:18:48,283 - space_charge_trainer - INFO - Epoch  30/100 | Train Loss: 252.547295 | Val Loss: 215.920517 | LR: 1.00e-03
2025-07-15 20:18:53,660 - space_charge_trainer - INFO - Epoch  31/100 | Train Loss: 255.176654 | Val Loss: 218.163345 | LR: 1.00e-03
2025-07-15 20:18:59,069 - space_charge_trainer - INFO - New best model saved with validation loss: 213.801758
2025-07-15 20:18:59,077 - space_charge_trainer - INFO - Epoch  32/100 | Train Loss: 252.633022 | Val Loss: 213.801758 | LR: 1.00e-03
2025-07-15 20:19:04,463 - space_charge_trainer - INFO - New best model saved with validation loss: 213.776939
2025-07-15 20:19:04,471 - space_charge_trainer - INFO - Epoch  33/100 | Train Loss: 249.740642 | Val Loss: 213.776939 | LR: 1.00e-03
2025-07-15 20:19:09,884 - space_charge_trainer - INFO - New best model saved with validation loss: 211.473495
2025-07-15 20:19:09,892 - space_charge_trainer - INFO - Epoch  34/100 | Train Loss: 248.437305 | Val Loss: 211.473495 | LR: 1.00e-03
2025-07-15 20:19:15,259 - space_charge_trainer - INFO - Epoch  35/100 | Train Loss: 247.830424 | Val Loss: 211.981255 | LR: 1.00e-03
2025-07-15 20:19:20,668 - space_charge_trainer - INFO - New best model saved with validation loss: 211.063164
2025-07-15 20:19:20,677 - space_charge_trainer - INFO - Epoch  36/100 | Train Loss: 247.250476 | Val Loss: 211.063164 | LR: 1.00e-03
2025-07-15 20:19:26,069 - space_charge_trainer - INFO - New best model saved with validation loss: 208.189804
2025-07-15 20:19:26,079 - space_charge_trainer - INFO - Epoch  37/100 | Train Loss: 245.058951 | Val Loss: 208.189804 | LR: 1.00e-03
2025-07-15 20:19:31,482 - space_charge_trainer - INFO - Epoch  38/100 | Train Loss: 243.276894 | Val Loss: 208.268356 | LR: 1.00e-03
2025-07-15 20:19:36,889 - space_charge_trainer - INFO - New best model saved with validation loss: 207.631248
2025-07-15 20:19:36,897 - space_charge_trainer - INFO - Epoch  39/100 | Train Loss: 245.328014 | Val Loss: 207.631248 | LR: 1.00e-03
2025-07-15 20:19:42,253 - space_charge_trainer - INFO - Epoch  40/100 | Train Loss: 241.214291 | Val Loss: 208.509346 | LR: 1.00e-03
2025-07-15 20:19:47,690 - space_charge_trainer - INFO - New best model saved with validation loss: 204.673607
2025-07-15 20:19:47,699 - space_charge_trainer - INFO - Epoch  41/100 | Train Loss: 243.556876 | Val Loss: 204.673607 | LR: 1.00e-03
2025-07-15 20:19:53,062 - space_charge_trainer - INFO - Epoch  42/100 | Train Loss: 244.438251 | Val Loss: 207.108536 | LR: 1.00e-03
2025-07-15 20:19:58,472 - space_charge_trainer - INFO - Epoch  43/100 | Train Loss: 242.042540 | Val Loss: 206.613419 | LR: 1.00e-03
2025-07-15 20:20:03,840 - space_charge_trainer - INFO - Epoch  44/100 | Train Loss: 238.828122 | Val Loss: 205.711746 | LR: 1.00e-03
2025-07-15 20:20:09,293 - space_charge_trainer - INFO - New best model saved with validation loss: 201.995079
2025-07-15 20:20:09,301 - space_charge_trainer - INFO - Epoch  45/100 | Train Loss: 239.521077 | Val Loss: 201.995079 | LR: 1.00e-03
2025-07-15 20:20:14,635 - space_charge_trainer - INFO - Epoch  46/100 | Train Loss: 237.494336 | Val Loss: 204.302086 | LR: 1.00e-03
2025-07-15 20:20:20,077 - space_charge_trainer - INFO - New best model saved with validation loss: 201.372871
2025-07-15 20:20:20,085 - space_charge_trainer - INFO - Epoch  47/100 | Train Loss: 234.455328 | Val Loss: 201.372871 | LR: 1.00e-03
2025-07-15 20:20:25,444 - space_charge_trainer - INFO - Epoch  48/100 | Train Loss: 237.593349 | Val Loss: 202.779686 | LR: 1.00e-03
2025-07-15 20:20:30,845 - space_charge_trainer - INFO - New best model saved with validation loss: 198.088997
2025-07-15 20:20:30,853 - space_charge_trainer - INFO - Epoch  49/100 | Train Loss: 234.077544 | Val Loss: 198.088997 | LR: 1.00e-03
2025-07-15 20:20:36,258 - space_charge_trainer - INFO - New best model saved with validation loss: 197.489105
2025-07-15 20:20:36,266 - space_charge_trainer - INFO - Epoch  50/100 | Train Loss: 236.692998 | Val Loss: 197.489105 | LR: 1.00e-03
2025-07-15 20:20:41,640 - space_charge_trainer - INFO - Epoch  51/100 | Train Loss: 236.088316 | Val Loss: 200.055519 | LR: 1.00e-03
2025-07-15 20:20:47,053 - space_charge_trainer - INFO - New best model saved with validation loss: 196.492538
2025-07-15 20:20:47,061 - space_charge_trainer - INFO - Epoch  52/100 | Train Loss: 231.606123 | Val Loss: 196.492538 | LR: 1.00e-03
2025-07-15 20:20:52,421 - space_charge_trainer - INFO - Epoch  53/100 | Train Loss: 235.020605 | Val Loss: 197.377838 | LR: 1.00e-03
2025-07-15 20:20:57,817 - space_charge_trainer - INFO - Epoch  54/100 | Train Loss: 231.652184 | Val Loss: 197.098434 | LR: 1.00e-03
2025-07-15 20:21:03,243 - space_charge_trainer - INFO - New best model saved with validation loss: 195.700363
2025-07-15 20:21:03,252 - space_charge_trainer - INFO - Epoch  55/100 | Train Loss: 234.320740 | Val Loss: 195.700363 | LR: 1.00e-03
2025-07-15 20:21:08,611 - space_charge_trainer - INFO - New best model saved with validation loss: 195.168259
2025-07-15 20:21:08,621 - space_charge_trainer - INFO - Epoch  56/100 | Train Loss: 232.638771 | Val Loss: 195.168259 | LR: 1.00e-03
2025-07-15 20:21:14,035 - space_charge_trainer - INFO - New best model saved with validation loss: 193.523499
2025-07-15 20:21:14,043 - space_charge_trainer - INFO - Epoch  57/100 | Train Loss: 227.394154 | Val Loss: 193.523499 | LR: 1.00e-03
2025-07-15 20:21:19,417 - space_charge_trainer - INFO - Epoch  58/100 | Train Loss: 232.862695 | Val Loss: 197.336403 | LR: 1.00e-03
2025-07-15 20:21:24,838 - space_charge_trainer - INFO - New best model saved with validation loss: 192.456413
2025-07-15 20:21:24,847 - space_charge_trainer - INFO - Epoch  59/100 | Train Loss: 229.912482 | Val Loss: 192.456413 | LR: 1.00e-03
2025-07-15 20:21:30,220 - space_charge_trainer - INFO - New best model saved with validation loss: 190.764236
2025-07-15 20:21:30,229 - space_charge_trainer - INFO - Epoch  60/100 | Train Loss: 229.249564 | Val Loss: 190.764236 | LR: 1.00e-03
2025-07-15 20:21:35,623 - space_charge_trainer - INFO - Epoch  61/100 | Train Loss: 225.343034 | Val Loss: 190.914131 | LR: 1.00e-03
2025-07-15 20:21:41,026 - space_charge_trainer - INFO - New best model saved with validation loss: 190.423851
2025-07-15 20:21:41,034 - space_charge_trainer - INFO - Epoch  62/100 | Train Loss: 223.395241 | Val Loss: 190.423851 | LR: 1.00e-03
2025-07-15 20:21:46,444 - space_charge_trainer - INFO - New best model saved with validation loss: 189.615677
2025-07-15 20:21:46,452 - space_charge_trainer - INFO - Epoch  63/100 | Train Loss: 225.991914 | Val Loss: 189.615677 | LR: 1.00e-03
2025-07-15 20:21:51,821 - space_charge_trainer - INFO - New best model saved with validation loss: 188.147392
2025-07-15 20:21:51,829 - space_charge_trainer - INFO - Epoch  64/100 | Train Loss: 225.125186 | Val Loss: 188.147392 | LR: 1.00e-03
2025-07-15 20:21:57,200 - space_charge_trainer - INFO - Epoch  65/100 | Train Loss: 224.829018 | Val Loss: 188.801857 | LR: 1.00e-03
2025-07-15 20:22:02,598 - space_charge_trainer - INFO - Epoch  66/100 | Train Loss: 225.614304 | Val Loss: 188.673706 | LR: 1.00e-03
2025-07-15 20:22:08,008 - space_charge_trainer - INFO - Epoch  67/100 | Train Loss: 225.782657 | Val Loss: 189.152985 | LR: 1.00e-03
2025-07-15 20:22:13,399 - space_charge_trainer - INFO - Epoch  68/100 | Train Loss: 223.217470 | Val Loss: 189.861053 | LR: 1.00e-03
2025-07-15 20:22:18,792 - space_charge_trainer - INFO - Epoch  69/100 | Train Loss: 224.549823 | Val Loss: 188.717239 | LR: 1.00e-03
2025-07-15 20:22:24,209 - space_charge_trainer - INFO - New best model saved with validation loss: 186.572739
2025-07-15 20:22:24,217 - space_charge_trainer - INFO - Epoch  70/100 | Train Loss: 221.833824 | Val Loss: 186.572739 | LR: 1.00e-03
2025-07-15 20:22:29,605 - space_charge_trainer - INFO - New best model saved with validation loss: 185.633713
2025-07-15 20:22:29,613 - space_charge_trainer - INFO - Epoch  71/100 | Train Loss: 221.528561 | Val Loss: 185.633713 | LR: 1.00e-03
2025-07-15 20:22:34,994 - space_charge_trainer - INFO - Epoch  72/100 | Train Loss: 227.252040 | Val Loss: 187.874847 | LR: 1.00e-03
2025-07-15 20:22:40,360 - space_charge_trainer - INFO - Epoch  73/100 | Train Loss: 226.210356 | Val Loss: 188.050194 | LR: 1.00e-03
2025-07-15 20:22:45,789 - space_charge_trainer - INFO - New best model saved with validation loss: 185.473526
2025-07-15 20:22:45,797 - space_charge_trainer - INFO - Epoch  74/100 | Train Loss: 223.251987 | Val Loss: 185.473526 | LR: 1.00e-03
2025-07-15 20:22:51,181 - space_charge_trainer - INFO - Epoch  75/100 | Train Loss: 221.320537 | Val Loss: 189.316345 | LR: 1.00e-03
2025-07-15 20:22:56,589 - space_charge_trainer - INFO - New best model saved with validation loss: 183.974365
2025-07-15 20:22:56,597 - space_charge_trainer - INFO - Epoch  76/100 | Train Loss: 221.318791 | Val Loss: 183.974365 | LR: 1.00e-03
2025-07-15 20:23:01,999 - space_charge_trainer - INFO - Epoch  77/100 | Train Loss: 221.013799 | Val Loss: 186.653099 | LR: 1.00e-03
2025-07-15 20:23:07,382 - space_charge_trainer - INFO - Epoch  78/100 | Train Loss: 218.833508 | Val Loss: 185.166870 | LR: 1.00e-03
2025-07-15 20:23:12,789 - space_charge_trainer - INFO - New best model saved with validation loss: 182.352150
2025-07-15 20:23:12,797 - space_charge_trainer - INFO - Epoch  79/100 | Train Loss: 220.528865 | Val Loss: 182.352150 | LR: 1.00e-03
2025-07-15 20:23:18,192 - space_charge_trainer - INFO - Epoch  80/100 | Train Loss: 220.780385 | Val Loss: 185.201370 | LR: 1.00e-03
2025-07-15 20:23:23,648 - space_charge_trainer - INFO - Epoch  81/100 | Train Loss: 217.685136 | Val Loss: 183.502419 | LR: 1.00e-03
2025-07-15 20:23:28,995 - space_charge_trainer - INFO - Epoch  82/100 | Train Loss: 216.935995 | Val Loss: 182.443359 | LR: 1.00e-03
2025-07-15 20:23:34,382 - space_charge_trainer - INFO - Epoch  83/100 | Train Loss: 216.797937 | Val Loss: 183.428200 | LR: 1.00e-03
2025-07-15 20:23:39,772 - space_charge_trainer - INFO - Epoch  84/100 | Train Loss: 216.503137 | Val Loss: 183.622910 | LR: 1.00e-03
2025-07-15 20:23:45,205 - space_charge_trainer - INFO - New best model saved with validation loss: 181.359245
2025-07-15 20:23:45,213 - space_charge_trainer - INFO - Epoch  85/100 | Train Loss: 217.340797 | Val Loss: 181.359245 | LR: 1.00e-03
2025-07-15 20:23:50,554 - space_charge_trainer - INFO - Epoch  86/100 | Train Loss: 213.844508 | Val Loss: 181.980423 | LR: 1.00e-03
2025-07-15 20:23:55,983 - space_charge_trainer - INFO - New best model saved with validation loss: 180.282242
2025-07-15 20:23:55,991 - space_charge_trainer - INFO - Epoch  87/100 | Train Loss: 215.141309 | Val Loss: 180.282242 | LR: 1.00e-03
2025-07-15 20:24:01,403 - space_charge_trainer - INFO - Epoch  88/100 | Train Loss: 214.803703 | Val Loss: 182.272369 | LR: 1.00e-03
2025-07-15 20:24:06,791 - space_charge_trainer - INFO - New best model saved with validation loss: 180.270096
2025-07-15 20:24:06,799 - space_charge_trainer - INFO - Epoch  89/100 | Train Loss: 215.124634 | Val Loss: 180.270096 | LR: 1.00e-03
2025-07-15 20:24:12,229 - space_charge_trainer - INFO - New best model saved with validation loss: 179.781815
2025-07-15 20:24:12,237 - space_charge_trainer - INFO - Epoch  90/100 | Train Loss: 214.517067 | Val Loss: 179.781815 | LR: 1.00e-03
2025-07-15 20:24:17,589 - space_charge_trainer - INFO - Epoch  91/100 | Train Loss: 216.376845 | Val Loss: 180.590668 | LR: 1.00e-03
2025-07-15 20:24:22,998 - space_charge_trainer - INFO - New best model saved with validation loss: 177.993607
2025-07-15 20:24:23,006 - space_charge_trainer - INFO - Epoch  92/100 | Train Loss: 214.519798 | Val Loss: 177.993607 | LR: 1.00e-03
2025-07-15 20:24:28,376 - space_charge_trainer - INFO - Epoch  93/100 | Train Loss: 214.038518 | Val Loss: 179.758766 | LR: 1.00e-03
2025-07-15 20:24:33,748 - space_charge_trainer - INFO - Epoch  94/100 | Train Loss: 215.755914 | Val Loss: 178.398659 | LR: 1.00e-03
2025-07-15 20:24:39,155 - space_charge_trainer - INFO - Epoch  95/100 | Train Loss: 214.673264 | Val Loss: 180.512093 | LR: 1.00e-03
2025-07-15 20:24:44,530 - space_charge_trainer - INFO - Epoch  96/100 | Train Loss: 211.994308 | Val Loss: 180.486786 | LR: 1.00e-03
2025-07-15 20:24:49,941 - space_charge_trainer - INFO - Epoch  97/100 | Train Loss: 213.457433 | Val Loss: 179.372269 | LR: 1.00e-03
2025-07-15 20:24:55,386 - space_charge_trainer - INFO - Epoch  98/100 | Train Loss: 216.849561 | Val Loss: 179.263901 | LR: 1.00e-03
2025-07-15 20:25:00,774 - space_charge_trainer - INFO - Epoch  99/100 | Train Loss: 212.528139 | Val Loss: 178.742035 | LR: 1.00e-03
2025-07-15 20:25:06,186 - space_charge_trainer - INFO - New best model saved with validation loss: 177.695694
2025-07-15 20:25:06,194 - space_charge_trainer - INFO - Epoch 100/100 | Train Loss: 210.459122 | Val Loss: 177.695694 | LR: 1.00e-03
2025-07-15 20:25:06,210 - space_charge_trainer - INFO - Training completed!
2025-07-15 20:25:06,210 - space_charge_trainer - INFO - Total training time: 0.15 hours
2025-07-15 20:25:06,210 - space_charge_trainer - INFO - Best validation loss: 177.695694
2025-07-15 20:25:06,210 - space_charge_trainer - INFO - Training history saved to saved_models\training_history.pkl
2025-07-16 00:02:44,352 - space_charge_trainer - INFO - Trainer initialized successfully
2025-07-16 00:02:44,353 - space_charge_trainer - INFO - Using existing processed data
2025-07-16 00:02:44,369 - space_charge_trainer - INFO - Data loaders created:
2025-07-16 00:02:44,369 - space_charge_trainer - INFO -   Train: 25 batches
2025-07-16 00:02:44,369 - space_charge_trainer - INFO -   Validation: 4 batches
2025-07-16 00:02:44,370 - space_charge_trainer - INFO -   Test: 4 batches
2025-07-16 00:02:44,477 - space_charge_trainer - INFO - Model created: CNN3D
2025-07-16 00:02:44,478 - space_charge_trainer - INFO - Parameters: 557,059
2025-07-16 00:02:44,478 - space_charge_trainer - INFO - Device: cuda
2025-07-16 00:02:45,353 - space_charge_trainer - INFO - Optimizer: adam, LR: 0.001
2025-07-16 00:02:45,353 - space_charge_trainer - INFO - Scheduler: plateau
2025-07-16 00:02:45,353 - space_charge_trainer - INFO - Starting training...
2025-07-16 00:02:45,353 - space_charge_trainer - INFO - Total epochs: 100
2025-07-16 00:02:45,354 - space_charge_trainer - INFO - Validation frequency: 1
2025-07-16 00:03:21,536 - space_charge_trainer - INFO - New best model saved with validation loss: 0.699038
2025-07-16 00:03:21,546 - space_charge_trainer - INFO - Epoch   1/100 | Train Loss: 2.489221 | Val Loss: 0.699038 | LR: 1.00e-03
2025-07-16 00:03:58,118 - space_charge_trainer - INFO - New best model saved with validation loss: 0.404689
2025-07-16 00:03:58,126 - space_charge_trainer - INFO - Epoch   2/100 | Train Loss: 0.827493 | Val Loss: 0.404689 | LR: 1.00e-03
2025-07-16 00:04:34,492 - space_charge_trainer - INFO - New best model saved with validation loss: 0.311360
2025-07-16 00:04:34,502 - space_charge_trainer - INFO - Epoch   3/100 | Train Loss: 0.611216 | Val Loss: 0.311360 | LR: 1.00e-03
2025-07-16 00:05:10,908 - space_charge_trainer - INFO - New best model saved with validation loss: 0.252136
2025-07-16 00:05:10,917 - space_charge_trainer - INFO - Epoch   4/100 | Train Loss: 0.474469 | Val Loss: 0.252136 | LR: 1.00e-03
2025-07-16 00:05:47,481 - space_charge_trainer - INFO - New best model saved with validation loss: 0.212940
2025-07-16 00:05:47,489 - space_charge_trainer - INFO - Epoch   5/100 | Train Loss: 0.382261 | Val Loss: 0.212940 | LR: 1.00e-03
2025-07-16 00:06:24,058 - space_charge_trainer - INFO - New best model saved with validation loss: 0.185590
2025-07-16 00:06:24,067 - space_charge_trainer - INFO - Epoch   6/100 | Train Loss: 0.327168 | Val Loss: 0.185590 | LR: 1.00e-03
2025-07-16 00:07:00,439 - space_charge_trainer - INFO - New best model saved with validation loss: 0.164685
2025-07-16 00:07:00,448 - space_charge_trainer - INFO - Epoch   7/100 | Train Loss: 0.282621 | Val Loss: 0.164685 | LR: 1.00e-03
2025-07-16 00:07:36,852 - space_charge_trainer - INFO - New best model saved with validation loss: 0.156695
2025-07-16 00:07:36,860 - space_charge_trainer - INFO - Epoch   8/100 | Train Loss: 0.254378 | Val Loss: 0.156695 | LR: 1.00e-03
2025-07-16 00:08:13,429 - space_charge_trainer - INFO - New best model saved with validation loss: 0.150645
2025-07-16 00:08:13,437 - space_charge_trainer - INFO - Epoch   9/100 | Train Loss: 0.232194 | Val Loss: 0.150645 | LR: 1.00e-03
2025-07-16 00:08:49,813 - space_charge_trainer - INFO - New best model saved with validation loss: 0.143571
2025-07-16 00:08:49,822 - space_charge_trainer - INFO - Epoch  10/100 | Train Loss: 0.218988 | Val Loss: 0.143571 | LR: 1.00e-03
2025-07-16 00:09:26,212 - space_charge_trainer - INFO - New best model saved with validation loss: 0.132610
2025-07-16 00:09:26,221 - space_charge_trainer - INFO - Epoch  11/100 | Train Loss: 0.210354 | Val Loss: 0.132610 | LR: 1.00e-03
2025-07-16 00:10:03,200 - space_charge_trainer - INFO - New best model saved with validation loss: 0.130018
2025-07-16 00:10:03,208 - space_charge_trainer - INFO - Epoch  12/100 | Train Loss: 0.204105 | Val Loss: 0.130018 | LR: 1.00e-03
2025-07-16 00:10:40,176 - space_charge_trainer - INFO - New best model saved with validation loss: 0.129269
2025-07-16 00:10:40,185 - space_charge_trainer - INFO - Epoch  13/100 | Train Loss: 0.195142 | Val Loss: 0.129269 | LR: 1.00e-03
2025-07-16 00:11:17,168 - space_charge_trainer - INFO - New best model saved with validation loss: 0.124097
2025-07-16 00:11:17,176 - space_charge_trainer - INFO - Epoch  14/100 | Train Loss: 0.184919 | Val Loss: 0.124097 | LR: 1.00e-03
2025-07-16 00:11:53,720 - space_charge_trainer - INFO - Epoch  15/100 | Train Loss: 0.179826 | Val Loss: 0.129915 | LR: 1.00e-03
2025-07-16 00:12:30,134 - space_charge_trainer - INFO - Epoch  16/100 | Train Loss: 0.176597 | Val Loss: 0.125858 | LR: 1.00e-03
2025-07-16 00:13:06,325 - space_charge_trainer - INFO - New best model saved with validation loss: 0.116293
2025-07-16 00:13:06,334 - space_charge_trainer - INFO - Epoch  17/100 | Train Loss: 0.174412 | Val Loss: 0.116293 | LR: 1.00e-03
2025-07-16 00:13:42,707 - space_charge_trainer - INFO - Epoch  18/100 | Train Loss: 0.168077 | Val Loss: 0.123801 | LR: 1.00e-03
2025-07-16 00:14:19,099 - space_charge_trainer - INFO - Epoch  19/100 | Train Loss: 0.163679 | Val Loss: 0.116905 | LR: 1.00e-03
2025-07-16 00:14:55,503 - space_charge_trainer - INFO - Epoch  20/100 | Train Loss: 0.161015 | Val Loss: 0.118831 | LR: 1.00e-03
2025-07-16 00:15:32,291 - space_charge_trainer - INFO - Epoch  21/100 | Train Loss: 0.158338 | Val Loss: 0.117513 | LR: 1.00e-03
2025-07-16 00:16:10,228 - space_charge_trainer - INFO - Epoch  22/100 | Train Loss: 0.155070 | Val Loss: 0.123896 | LR: 1.00e-03
2025-07-16 00:16:47,846 - space_charge_trainer - INFO - Epoch  23/100 | Train Loss: 0.153479 | Val Loss: 0.117172 | LR: 1.00e-03
2025-07-16 00:17:25,402 - space_charge_trainer - INFO - Epoch  24/100 | Train Loss: 0.151991 | Val Loss: 0.117661 | LR: 1.00e-03
2025-07-16 00:18:03,039 - space_charge_trainer - INFO - New best model saved with validation loss: 0.110314
2025-07-16 00:18:03,048 - space_charge_trainer - INFO - Epoch  25/100 | Train Loss: 0.150547 | Val Loss: 0.110314 | LR: 1.00e-03
2025-07-16 00:18:40,216 - space_charge_trainer - INFO - New best model saved with validation loss: 0.110288
2025-07-16 00:18:40,224 - space_charge_trainer - INFO - Epoch  26/100 | Train Loss: 0.148733 | Val Loss: 0.110288 | LR: 1.00e-03
2025-07-16 00:19:17,023 - space_charge_trainer - INFO - Epoch  27/100 | Train Loss: 0.146200 | Val Loss: 0.110827 | LR: 1.00e-03
2025-07-16 00:19:54,403 - space_charge_trainer - INFO - Epoch  28/100 | Train Loss: 0.144073 | Val Loss: 0.115350 | LR: 1.00e-03
2025-07-16 00:20:31,607 - space_charge_trainer - INFO - New best model saved with validation loss: 0.108711
2025-07-16 00:20:31,617 - space_charge_trainer - INFO - Epoch  29/100 | Train Loss: 0.143256 | Val Loss: 0.108711 | LR: 1.00e-03
2025-07-16 00:21:08,994 - space_charge_trainer - INFO - New best model saved with validation loss: 0.104974
2025-07-16 00:21:09,002 - space_charge_trainer - INFO - Epoch  30/100 | Train Loss: 0.140958 | Val Loss: 0.104974 | LR: 1.00e-03
2025-07-16 00:21:46,394 - space_charge_trainer - INFO - Epoch  31/100 | Train Loss: 0.140635 | Val Loss: 0.109909 | LR: 1.00e-03
2025-07-16 00:22:23,767 - space_charge_trainer - INFO - New best model saved with validation loss: 0.104738
2025-07-16 00:22:23,775 - space_charge_trainer - INFO - Epoch  32/100 | Train Loss: 0.139373 | Val Loss: 0.104738 | LR: 1.00e-03
2025-07-16 00:23:01,325 - space_charge_trainer - INFO - New best model saved with validation loss: 0.102649
2025-07-16 00:23:01,334 - space_charge_trainer - INFO - Epoch  33/100 | Train Loss: 0.139326 | Val Loss: 0.102649 | LR: 1.00e-03
2025-07-16 00:23:38,500 - space_charge_trainer - INFO - Epoch  34/100 | Train Loss: 0.136167 | Val Loss: 0.103791 | LR: 1.00e-03
2025-07-16 00:24:16,267 - space_charge_trainer - INFO - Epoch  35/100 | Train Loss: 0.134039 | Val Loss: 0.103652 | LR: 1.00e-03
2025-07-16 00:24:53,908 - space_charge_trainer - INFO - Epoch  36/100 | Train Loss: 0.136141 | Val Loss: 0.107726 | LR: 1.00e-03
2025-07-16 00:25:31,679 - space_charge_trainer - INFO - Epoch  37/100 | Train Loss: 0.133110 | Val Loss: 0.106493 | LR: 1.00e-03
2025-07-16 00:26:09,106 - space_charge_trainer - INFO - New best model saved with validation loss: 0.100528
2025-07-16 00:26:09,114 - space_charge_trainer - INFO - Epoch  38/100 | Train Loss: 0.131904 | Val Loss: 0.100528 | LR: 1.00e-03
2025-07-16 00:26:46,623 - space_charge_trainer - INFO - Epoch  39/100 | Train Loss: 0.131486 | Val Loss: 0.102668 | LR: 1.00e-03
2025-07-16 00:27:24,399 - space_charge_trainer - INFO - Epoch  40/100 | Train Loss: 0.130825 | Val Loss: 0.103408 | LR: 1.00e-03
2025-07-16 00:28:02,064 - space_charge_trainer - INFO - Epoch  41/100 | Train Loss: 0.131004 | Val Loss: 0.105342 | LR: 1.00e-03
2025-07-16 00:28:39,807 - space_charge_trainer - INFO - Epoch  42/100 | Train Loss: 0.129514 | Val Loss: 0.104404 | LR: 1.00e-03
2025-07-16 00:29:16,993 - space_charge_trainer - INFO - New best model saved with validation loss: 0.099663
2025-07-16 00:29:17,001 - space_charge_trainer - INFO - Epoch  43/100 | Train Loss: 0.128409 | Val Loss: 0.099663 | LR: 1.00e-03
2025-07-16 00:29:54,617 - space_charge_trainer - INFO - Epoch  44/100 | Train Loss: 0.127094 | Val Loss: 0.102058 | LR: 1.00e-03
2025-07-16 00:30:31,964 - space_charge_trainer - INFO - Epoch  45/100 | Train Loss: 0.125252 | Val Loss: 0.102414 | LR: 1.00e-03
2025-07-16 00:31:09,551 - space_charge_trainer - INFO - New best model saved with validation loss: 0.097376
2025-07-16 00:31:09,561 - space_charge_trainer - INFO - Epoch  46/100 | Train Loss: 0.123553 | Val Loss: 0.097376 | LR: 1.00e-03
2025-07-16 00:31:47,167 - space_charge_trainer - INFO - Epoch  47/100 | Train Loss: 0.124538 | Val Loss: 0.108141 | LR: 1.00e-03
2025-07-16 00:32:24,722 - space_charge_trainer - INFO - Epoch  48/100 | Train Loss: 0.123080 | Val Loss: 0.099710 | LR: 1.00e-03
2025-07-16 00:33:02,299 - space_charge_trainer - INFO - Epoch  49/100 | Train Loss: 0.125034 | Val Loss: 0.107641 | LR: 1.00e-03
2025-07-16 00:33:39,877 - space_charge_trainer - INFO - Epoch  50/100 | Train Loss: 0.123893 | Val Loss: 0.100937 | LR: 1.00e-03
2025-07-16 00:34:17,338 - space_charge_trainer - INFO - Epoch  51/100 | Train Loss: 0.122349 | Val Loss: 0.101892 | LR: 1.00e-03
2025-07-16 00:34:54,686 - space_charge_trainer - INFO - Epoch  52/100 | Train Loss: 0.121347 | Val Loss: 0.100577 | LR: 1.00e-03
2025-07-16 00:35:32,093 - space_charge_trainer - INFO - Epoch  53/100 | Train Loss: 0.121834 | Val Loss: 0.100247 | LR: 1.00e-03
2025-07-16 00:36:09,670 - space_charge_trainer - INFO - New best model saved with validation loss: 0.094917
2025-07-16 00:36:09,678 - space_charge_trainer - INFO - Epoch  54/100 | Train Loss: 0.122577 | Val Loss: 0.094917 | LR: 1.00e-03
2025-07-16 00:36:47,061 - space_charge_trainer - INFO - Epoch  55/100 | Train Loss: 0.120423 | Val Loss: 0.095268 | LR: 1.00e-03
2025-07-16 00:37:24,061 - space_charge_trainer - INFO - Epoch  56/100 | Train Loss: 0.120099 | Val Loss: 0.095126 | LR: 1.00e-03
2025-07-16 00:38:01,443 - space_charge_trainer - INFO - Epoch  57/100 | Train Loss: 0.120079 | Val Loss: 0.095545 | LR: 1.00e-03
2025-07-16 00:38:39,050 - space_charge_trainer - INFO - Epoch  58/100 | Train Loss: 0.120178 | Val Loss: 0.096639 | LR: 1.00e-03
2025-07-16 00:39:16,578 - space_charge_trainer - INFO - Epoch  59/100 | Train Loss: 0.117314 | Val Loss: 0.098017 | LR: 1.00e-03
2025-07-16 00:39:54,407 - space_charge_trainer - INFO - Epoch  60/100 | Train Loss: 0.119292 | Val Loss: 0.105335 | LR: 1.00e-03
2025-07-16 00:40:32,219 - space_charge_trainer - INFO - Epoch  61/100 | Train Loss: 0.118133 | Val Loss: 0.106621 | LR: 1.00e-03
2025-07-16 00:41:09,797 - space_charge_trainer - INFO - Epoch  62/100 | Train Loss: 0.116658 | Val Loss: 0.096382 | LR: 1.00e-03
2025-07-16 00:41:47,791 - space_charge_trainer - INFO - New best model saved with validation loss: 0.094749
2025-07-16 00:41:47,801 - space_charge_trainer - INFO - Epoch  63/100 | Train Loss: 0.117100 | Val Loss: 0.094749 | LR: 1.00e-03
2025-07-16 00:42:25,341 - space_charge_trainer - INFO - Epoch  64/100 | Train Loss: 0.116853 | Val Loss: 0.100642 | LR: 1.00e-03
2025-07-16 00:43:02,687 - space_charge_trainer - INFO - Epoch  65/100 | Train Loss: 0.116081 | Val Loss: 0.094820 | LR: 1.00e-03
2025-07-16 00:43:40,136 - space_charge_trainer - INFO - New best model saved with validation loss: 0.091270
2025-07-16 00:43:40,144 - space_charge_trainer - INFO - Epoch  66/100 | Train Loss: 0.116054 | Val Loss: 0.091270 | LR: 1.00e-03
2025-07-16 00:44:18,072 - space_charge_trainer - INFO - Epoch  67/100 | Train Loss: 0.115707 | Val Loss: 0.098672 | LR: 1.00e-03
2025-07-16 00:44:55,510 - space_charge_trainer - INFO - Epoch  68/100 | Train Loss: 0.115228 | Val Loss: 0.097054 | LR: 1.00e-03
2025-07-16 00:45:32,284 - space_charge_trainer - INFO - Epoch  69/100 | Train Loss: 0.113956 | Val Loss: 0.098681 | LR: 1.00e-03
2025-07-16 00:46:09,055 - space_charge_trainer - INFO - Epoch  70/100 | Train Loss: 0.112693 | Val Loss: 0.094315 | LR: 1.00e-03
2025-07-16 00:46:45,488 - space_charge_trainer - INFO - Epoch  71/100 | Train Loss: 0.112865 | Val Loss: 0.105616 | LR: 1.00e-03
2025-07-16 00:47:22,066 - space_charge_trainer - INFO - Epoch  72/100 | Train Loss: 0.113376 | Val Loss: 0.100188 | LR: 1.00e-03
2025-07-16 00:47:58,646 - space_charge_trainer - INFO - Epoch  73/100 | Train Loss: 0.112652 | Val Loss: 0.101227 | LR: 1.00e-03
2025-07-16 00:48:35,235 - space_charge_trainer - INFO - Epoch  74/100 | Train Loss: 0.113425 | Val Loss: 0.093804 | LR: 1.00e-03
2025-07-16 00:49:11,602 - space_charge_trainer - INFO - Epoch  75/100 | Train Loss: 0.112560 | Val Loss: 0.091536 | LR: 1.00e-03
2025-07-16 00:49:49,231 - space_charge_trainer - INFO - Epoch  76/100 | Train Loss: 0.112009 | Val Loss: 0.092322 | LR: 1.00e-03
2025-07-16 00:50:26,418 - space_charge_trainer - INFO - Epoch  77/100 | Train Loss: 0.111926 | Val Loss: 0.091473 | LR: 5.00e-04
2025-07-16 00:51:03,962 - space_charge_trainer - INFO - Epoch  78/100 | Train Loss: 0.111046 | Val Loss: 0.095818 | LR: 5.00e-04
2025-07-16 00:51:41,179 - space_charge_trainer - INFO - Epoch  79/100 | Train Loss: 0.111368 | Val Loss: 0.099391 | LR: 5.00e-04
2025-07-16 00:52:18,763 - space_charge_trainer - INFO - Epoch  80/100 | Train Loss: 0.110222 | Val Loss: 0.098193 | LR: 5.00e-04
2025-07-16 00:52:56,161 - space_charge_trainer - INFO - Epoch  81/100 | Train Loss: 0.110673 | Val Loss: 0.096288 | LR: 5.00e-04
2025-07-16 00:53:33,947 - space_charge_trainer - INFO - Epoch  82/100 | Train Loss: 0.109994 | Val Loss: 0.098317 | LR: 5.00e-04
2025-07-16 00:54:11,691 - space_charge_trainer - INFO - Epoch  83/100 | Train Loss: 0.109720 | Val Loss: 0.092199 | LR: 5.00e-04
2025-07-16 00:54:49,085 - space_charge_trainer - INFO - Epoch  84/100 | Train Loss: 0.108357 | Val Loss: 0.097593 | LR: 5.00e-04
2025-07-16 00:55:27,052 - space_charge_trainer - INFO - Epoch  85/100 | Train Loss: 0.110143 | Val Loss: 0.096269 | LR: 5.00e-04
2025-07-16 00:56:04,308 - space_charge_trainer - INFO - Epoch  86/100 | Train Loss: 0.109252 | Val Loss: 0.094936 | LR: 5.00e-04
2025-07-16 00:56:04,308 - space_charge_trainer - INFO - Early stopping triggered at epoch 86
2025-07-16 00:56:04,329 - space_charge_trainer - INFO - Training completed!
2025-07-16 00:56:04,329 - space_charge_trainer - INFO - Total training time: 0.89 hours
2025-07-16 00:56:04,329 - space_charge_trainer - INFO - Best validation loss: 0.091270
2025-07-16 00:56:04,330 - space_charge_trainer - INFO - Training history saved to saved_models\training_history.pkl
